   Compiling futures-util v0.3.32
   Compiling serde_core v1.0.228
   Compiling tokio v1.49.0
   Compiling tracing v0.1.44
   Compiling block-buffer v0.10.4
   Compiling utf8_iter v1.0.4
   Compiling http v1.4.0
   Compiling ryu v1.0.23
   Compiling equivalent v1.0.2
   Compiling http-body v1.0.1
   Compiling crossbeam-utils v0.8.21
   Compiling serde v1.0.228
   Compiling cpufeatures v0.2.17
   Compiling parking v2.2.1
   Compiling foldhash v0.1.5
   Compiling allocator-api2 v0.2.21
   Compiling icu_normalizer v2.1.1
   Compiling hashbrown v0.15.5
   Compiling crc-catalog v2.4.0
   Compiling hashbrown v0.16.1
   Compiling tower-service v0.3.3
   Compiling hashlink v0.10.0
   Compiling idna_adapter v1.2.1
   Compiling indexmap v2.13.0
   Compiling crc v3.4.0
   Compiling thiserror v2.0.18
   Compiling num-traits v0.2.19
   Compiling parking_lot_core v0.9.12
   Compiling crypto-common v0.1.7
   Compiling spin v0.9.8
   Compiling bitflags v2.11.0
   Compiling tower-layer v0.3.3
   Compiling mime v0.3.17
   Compiling sync_wrapper v1.0.2
   Compiling parking_lot v0.12.5
   Compiling digest v0.10.7
   Compiling idna v1.1.0
   Compiling concurrent-queue v2.5.0
   Compiling serde_json v1.0.149
   Compiling http-body-util v0.1.3
   Compiling tracing-core v0.1.36
   Compiling httpdate v1.0.3
   Compiling url v2.5.8
   Compiling event-listener v5.4.1
   Compiling libsqlite3-sys v0.30.1
